[debug] [2024-01-03T12:56:18.734Z] ----------------------------------------------------------------------
[debug] [2024-01-03T12:56:18.738Z] Command:       /usr/bin/node /usr/local/bin/firebase emulators:start
[debug] [2024-01-03T12:56:18.739Z] CLI Version:   13.0.2
[debug] [2024-01-03T12:56:18.739Z] Platform:      linux
[debug] [2024-01-03T12:56:18.740Z] Node Version:  v18.13.0
[debug] [2024-01-03T12:56:18.740Z] Time:          Wed Jan 03 2024 13:56:18 GMT+0100 (közép-európai téli idő)
[debug] [2024-01-03T12:56:18.740Z] ----------------------------------------------------------------------
[debug] 
[debug] [2024-01-03T12:56:18.906Z] > command requires scopes: ["email","openid","https://www.googleapis.com/auth/cloudplatformprojects.readonly","https://www.googleapis.com/auth/firebase","https://www.googleapis.com/auth/cloud-platform"]
[debug] [2024-01-03T12:56:18.907Z] > authorizing via signed-in user (hp.raszpi@gmail.com)
[info] i  emulators: Starting emulators: functions {"metadata":{"emulator":{"name":"hub"},"message":"Starting emulators: functions"}}
[debug] [2024-01-03T12:56:18.920Z] [logging] Logging Emulator only supports listening on one address (127.0.0.1). Not listening on ::1
[debug] [2024-01-03T12:56:18.921Z] assigned listening specs for emulators {"user":{"hub":[{"address":"127.0.0.1","family":"IPv4","port":4400},{"address":"::1","family":"IPv6","port":4400}],"ui":[{"address":"127.0.0.1","family":"IPv4","port":4000},{"address":"::1","family":"IPv6","port":4000}],"logging":[{"address":"127.0.0.1","family":"IPv4","port":4500}]},"metadata":{"message":"assigned listening specs for emulators"}}
[debug] [2024-01-03T12:56:18.935Z] [hub] writing locator at /tmp/hub-engame-quiz-ea63a.json
[debug] [2024-01-03T12:56:18.976Z] [functions] Functions Emulator only supports listening on one address (127.0.0.1). Not listening on ::1
[debug] [2024-01-03T12:56:18.977Z] [eventarc] Eventarc Emulator only supports listening on one address (127.0.0.1). Not listening on ::1
[debug] [2024-01-03T12:56:18.978Z] late-assigned ports for functions and eventarc emulators {"user":{"hub":[{"address":"127.0.0.1","family":"IPv4","port":4400},{"address":"::1","family":"IPv6","port":4400}],"ui":[{"address":"127.0.0.1","family":"IPv4","port":4000},{"address":"::1","family":"IPv6","port":4000}],"logging":[{"address":"127.0.0.1","family":"IPv4","port":4500}],"functions":[{"address":"127.0.0.1","family":"IPv4","port":5001}],"eventarc":[{"address":"127.0.0.1","family":"IPv4","port":9299}]},"metadata":{"message":"late-assigned ports for functions and eventarc emulators"}}
[warn] ⚠  functions: The following emulators are not running, calls to these services from the Functions emulator will affect production: auth, firestore, database, hosting, pubsub, storage {"metadata":{"emulator":{"name":"functions"},"message":"The following emulators are not running, calls to these services from the Functions emulator will affect production: \u001b[1mauth, firestore, database, hosting, pubsub, storage\u001b[22m"}}
[debug] [2024-01-03T12:56:18.995Z] defaultcredentials: writing to file /home/hpraszpi/.config/firebase/hp_raszpi_gmail.com_application_default_credentials.json
[debug] [2024-01-03T12:56:19.012Z] Setting GAC to /home/hpraszpi/.config/firebase/hp_raszpi_gmail.com_application_default_credentials.json {"metadata":{"emulator":{"name":"functions"},"message":"Setting GAC to /home/hpraszpi/.config/firebase/hp_raszpi_gmail.com_application_default_credentials.json"}}
[debug] [2024-01-03T12:56:19.016Z] >>> [apiv2][query] GET https://firebase.googleapis.com/v1beta1/projects/engame-quiz-ea63a/adminSdkConfig [none]
[debug] [2024-01-03T12:56:19.440Z] <<< [apiv2][status] GET https://firebase.googleapis.com/v1beta1/projects/engame-quiz-ea63a/adminSdkConfig 200
[debug] [2024-01-03T12:56:19.441Z] <<< [apiv2][body] GET https://firebase.googleapis.com/v1beta1/projects/engame-quiz-ea63a/adminSdkConfig {"projectId":"engame-quiz-ea63a","storageBucket":"engame-quiz-ea63a.appspot.com"}
[debug] [2024-01-03T12:56:19.495Z] Ignoring unsupported arg: auto_download {"metadata":{"emulator":{"name":"ui"},"message":"Ignoring unsupported arg: auto_download"}}
[debug] [2024-01-03T12:56:19.495Z] Ignoring unsupported arg: port {"metadata":{"emulator":{"name":"ui"},"message":"Ignoring unsupported arg: port"}}
[debug] [2024-01-03T12:56:19.496Z] Starting Emulator UI with command {"binary":"node","args":["/home/hpraszpi/.cache/firebase/emulators/ui-v1.11.7/server/server.js"],"optionalArgs":[],"joinArgs":false} {"metadata":{"emulator":{"name":"ui"},"message":"Starting Emulator UI with command {\"binary\":\"node\",\"args\":[\"/home/hpraszpi/.cache/firebase/emulators/ui-v1.11.7/server/server.js\"],\"optionalArgs\":[],\"joinArgs\":false}"}}
[info] i  ui: Emulator UI logging to ui-debug.log {"metadata":{"emulator":{"name":"ui"},"message":"Emulator UI logging to \u001b[1mui-debug.log\u001b[22m"}}
[debug] [2024-01-03T12:56:19.796Z] Web / API server started at 127.0.0.1:4000
 {"metadata":{"emulator":{"name":"ui"},"message":"Web / API server started at 127.0.0.1:4000\n"}}
[debug] [2024-01-03T12:56:19.796Z] Web / API server started at ::1:4000
 {"metadata":{"emulator":{"name":"ui"},"message":"Web / API server started at ::1:4000\n"}}
[info] i  functions: Watching "/home/hpraszpi/engame-quiz/server" for Cloud Functions... {"metadata":{"emulator":{"name":"functions"},"message":"Watching \"/home/hpraszpi/engame-quiz/server\" for Cloud Functions..."}}
[debug] [2024-01-03T12:56:20.035Z] Customer code is not Node
[debug] [2024-01-03T12:56:20.039Z] Validating python source
[debug] [2024-01-03T12:56:20.040Z] Building python source
[debug] [2024-01-03T12:56:20.047Z] Could not find functions.yaml. Must use http discovery
[debug] [2024-01-03T12:56:20.059Z] Running command with virtualenv: command=., args=["\"/home/hpraszpi/engame-quiz/server/venv/bin/activate\"","&&","python3.11","-c","\"import firebase_functions; import os; print(os.path.dirname(firebase_functions.__file__))\""]
[debug] [2024-01-03T12:56:20.097Z] stdout: /home/hpraszpi/engame-quiz/server/venv/lib/python3.11/site-packages/firebase_functions

[debug] [2024-01-03T12:56:20.102Z] Running admin server with args: ["python3.11","\"/home/hpraszpi/engame-quiz/server/venv/lib/python3.11/site-packages/firebase_functions/private/serving.py\""] and env: {"GCLOUD_PROJECT":"engame-quiz-ea63a","K_REVISION":"1","PORT":"80","GOOGLE_CLOUD_QUOTA_PROJECT":"engame-quiz-ea63a","FUNCTIONS_EMULATOR":"true","TZ":"UTC","FIREBASE_DEBUG_MODE":"true","FIREBASE_DEBUG_FEATURES":"{\"skipTokenVerification\":true,\"enableCors\":true}","FIREBASE_EMULATOR_HUB":"127.0.0.1:4400","CLOUD_EVENTARC_EMULATOR_HOST":"http://127.0.0.1:9299","FIREBASE_CONFIG":"{\"storageBucket\":\"engame-quiz-ea63a.appspot.com\",\"projectId\":\"engame-quiz-ea63a\"}","GOOGLE_APPLICATION_CREDENTIALS":"/home/hpraszpi/.config/firebase/hp_raszpi_gmail.com_application_default_credentials.json","ADMIN_PORT":"8081"} in /home/hpraszpi/engame-quiz/server
[debug] [2024-01-03T12:56:20.102Z] Running command with virtualenv: command=., args=["\"/home/hpraszpi/engame-quiz/server/venv/bin/activate\"","&&","python3.11","\"/home/hpraszpi/engame-quiz/server/venv/lib/python3.11/site-packages/firebase_functions/private/serving.py\""]
[info]  * Serving Flask app 'serving'
 * Debug mode: off

[error] WARNING: This is a development server. Do not use it in a production deployment. Use a production WSGI server instead.
 * Running on http://127.0.0.1:8081

[error] Press CTRL+C to quit

[debug] [2024-01-03T12:56:20.557Z] File /home/hpraszpi/engame-quiz/server/__pycache__/main.cpython-311.pyc changed, reloading triggers {"metadata":{"emulator":{"name":"functions"},"message":"File /home/hpraszpi/engame-quiz/server/__pycache__/main.cpython-311.pyc changed, reloading triggers"}}
[error] 127.0.0.1 - - [03/Jan/2024 12:56:20] "GET /__/functions.yaml HTTP/1.1" 200 -

[debug] [2024-01-03T12:56:20.732Z] Got response from /__/functions.yaml endpoints:
  handle_https_request:
    availableMemoryMb: null
    concurrency: null
    entryPoint: handle_https_request
    httpsTrigger: {}
    ingressSettings: null
    labels: {}
    maxInstances: null
    minInstances: null
    platform: gcfv2
    secretEnvironmentVariables: []
    serviceAccountEmail: null
    timeoutSeconds: null
params: []
requiredAPIs: []
specVersion: v1alpha1

[error] 127.0.0.1 - - [03/Jan/2024 12:56:20] "GET /__/quitquitquit HTTP/1.1" 200 -

[error] Terminated

[info] ✔  functions: Loaded functions definitions from source: handle_https_request. {"metadata":{"emulator":{"name":"functions"},"message":"Loaded functions definitions from source: handle_https_request."}}
[info] ✔  functions[us-central1-handle_https_request]: http function initialized (http://127.0.0.1:5001/engame-quiz-ea63a/us-central1/handle_https_request). {"metadata":{"emulator":{"name":"functions"},"message":"\u001b[1mhttp\u001b[22m function initialized (http://127.0.0.1:5001/engame-quiz-ea63a/us-central1/handle_https_request)."}}
[info] 
┌─────────────────────────────────────────────────────────────┐
│ ✔  All emulators ready! It is now safe to connect your app. │
│ i  View Emulator UI at http://127.0.0.1:4000/               │
└─────────────────────────────────────────────────────────────┘

┌───────────┬────────────────┬─────────────────────────────────┐
│ Emulator  │ Host:Port      │ View in Emulator UI             │
├───────────┼────────────────┼─────────────────────────────────┤
│ Functions │ 127.0.0.1:5001 │ http://127.0.0.1:4000/functions │
└───────────┴────────────────┴─────────────────────────────────┘
  Emulator Hub running at 127.0.0.1:4400
  Other reserved ports: 4500

Issues? Report them at https://github.com/firebase/firebase-tools/issues and attach the *-debug.log files.
 
[debug] [2024-01-03T12:56:21.560Z] Customer code is not Node
[debug] [2024-01-03T12:56:21.560Z] Validating python source
[debug] [2024-01-03T12:56:21.561Z] Building python source
[debug] [2024-01-03T12:56:21.562Z] Could not find functions.yaml. Must use http discovery
[debug] [2024-01-03T12:56:21.563Z] Running command with virtualenv: command=., args=["\"/home/hpraszpi/engame-quiz/server/venv/bin/activate\"","&&","python3.11","-c","\"import firebase_functions; import os; print(os.path.dirname(firebase_functions.__file__))\""]
[debug] [2024-01-03T12:56:21.601Z] stdout: /home/hpraszpi/engame-quiz/server/venv/lib/python3.11/site-packages/firebase_functions

[debug] [2024-01-03T12:56:21.606Z] Running admin server with args: ["python3.11","\"/home/hpraszpi/engame-quiz/server/venv/lib/python3.11/site-packages/firebase_functions/private/serving.py\""] and env: {"GCLOUD_PROJECT":"engame-quiz-ea63a","K_REVISION":"1","PORT":"80","GOOGLE_CLOUD_QUOTA_PROJECT":"engame-quiz-ea63a","FUNCTIONS_EMULATOR":"true","TZ":"UTC","FIREBASE_DEBUG_MODE":"true","FIREBASE_DEBUG_FEATURES":"{\"skipTokenVerification\":true,\"enableCors\":true}","FIREBASE_EMULATOR_HUB":"127.0.0.1:4400","CLOUD_EVENTARC_EMULATOR_HOST":"http://127.0.0.1:9299","FIREBASE_CONFIG":"{\"storageBucket\":\"engame-quiz-ea63a.appspot.com\",\"projectId\":\"engame-quiz-ea63a\"}","GOOGLE_APPLICATION_CREDENTIALS":"/home/hpraszpi/.config/firebase/hp_raszpi_gmail.com_application_default_credentials.json","ADMIN_PORT":"8081"} in /home/hpraszpi/engame-quiz/server
[debug] [2024-01-03T12:56:21.606Z] Running command with virtualenv: command=., args=["\"/home/hpraszpi/engame-quiz/server/venv/bin/activate\"","&&","python3.11","\"/home/hpraszpi/engame-quiz/server/venv/lib/python3.11/site-packages/firebase_functions/private/serving.py\""]
[info]  * Serving Flask app 'serving'
 * Debug mode: off

[error] WARNING: This is a development server. Do not use it in a production deployment. Use a production WSGI server instead.
 * Running on http://127.0.0.1:8081

[error] Press CTRL+C to quit

[error] 127.0.0.1 - - [03/Jan/2024 12:56:22] "GET /__/functions.yaml HTTP/1.1" 200 -

[debug] [2024-01-03T12:56:22.310Z] Got response from /__/functions.yaml endpoints:
  handle_https_request:
    availableMemoryMb: null
    concurrency: null
    entryPoint: handle_https_request
    httpsTrigger: {}
    ingressSettings: null
    labels: {}
    maxInstances: null
    minInstances: null
    platform: gcfv2
    secretEnvironmentVariables: []
    serviceAccountEmail: null
    timeoutSeconds: null
params: []
requiredAPIs: []
specVersion: v1alpha1

[error] 127.0.0.1 - - [03/Jan/2024 12:56:22] "GET /__/quitquitquit HTTP/1.1" 200 -

[error] Terminated

[info] ✔  functions: Loaded functions definitions from source: handle_https_request. {"metadata":{"emulator":{"name":"functions"},"message":"Loaded functions definitions from source: handle_https_request."}}
[debug] [2024-01-03T12:56:59.700Z] [work-queue] {"queuedWork":["/engame-quiz-ea63a/us-central1/handle_https_request/scores-2024-01-03T12:56:59.699Z"],"queueLength":1,"runningWork":[],"workRunningCount":0}
[debug] [2024-01-03T12:56:59.702Z] [work-queue] {"queuedWork":[],"queueLength":0,"runningWork":["/engame-quiz-ea63a/us-central1/handle_https_request/scores-2024-01-03T12:56:59.699Z"],"workRunningCount":1}
[debug] [2024-01-03T12:56:59.704Z] Accepted request GET /engame-quiz-ea63a/us-central1/handle_https_request/scores --> us-central1-handle_https_request
[debug] [2024-01-03T12:56:59.721Z] [functions] Runtime ready! Sending request! {"metadata":{"emulator":{"name":"functions"},"message":"[functions] Runtime ready! Sending request!"}}
[debug] [2024-01-03T12:56:59.723Z] [functions] Got req.url=/engame-quiz-ea63a/us-central1/handle_https_request/scores, mapping to path=/scores {"metadata":{"emulator":{"name":"functions"},"message":"[functions] Got req.url=/engame-quiz-ea63a/us-central1/handle_https_request/scores, mapping to path=/scores"}}
[debug] [2024-01-03T12:56:59.735Z] Running command with virtualenv: command=., args=["\"/home/hpraszpi/engame-quiz/server/venv/bin/activate\"","&&","functions-framework"]
[debug] [2024-01-03T12:56:59.745Z] [worker-pool] addWorker(us-central1-handle_https_request) {"metadata":{"emulator":{"name":"functions"},"message":"[worker-pool] addWorker(us-central1-handle_https_request)"}}
[debug] [2024-01-03T12:56:59.748Z] [worker-pool] Adding worker with key us-central1-handle_https_request, total=1 {"metadata":{"emulator":{"name":"functions"},"message":"[worker-pool] Adding worker with key us-central1-handle_https_request, total=1"}}
[debug] [2024-01-03T12:57:00.374Z] [worker-us-central1-handle_https_request-f4ea46e2-e073-4d9d-80e3-c26867177808]: IDLE {"metadata":{"emulator":{"name":"functions"},"function":{"name":"us-central1-handle_https_request"},"extension":{},"message":"[worker-us-central1-handle_https_request-f4ea46e2-e073-4d9d-80e3-c26867177808]: IDLE"}}
[debug] [2024-01-03T12:57:00.375Z] [worker-pool] submitRequest(triggerId=us-central1-handle_https_request) {"metadata":{"emulator":{"name":"functions"},"message":"[worker-pool] submitRequest(triggerId=us-central1-handle_https_request)"}}
[info] i  functions: Beginning execution of "us-central1-handle_https_request" {"metadata":{"emulator":{"name":"functions"},"function":{"name":"us-central1-handle_https_request"},"extension":{},"message":"Beginning execution of \"us-central1-handle_https_request\""}}
[debug] [2024-01-03T12:57:00.380Z] [worker-us-central1-handle_https_request-f4ea46e2-e073-4d9d-80e3-c26867177808]: BUSY {"metadata":{"emulator":{"name":"functions"},"function":{"name":"us-central1-handle_https_request"},"extension":{},"message":"[worker-us-central1-handle_https_request-f4ea46e2-e073-4d9d-80e3-c26867177808]: BUSY"}}
[debug] [2024-01-03T12:57:01.079Z] Finishing up request with event=pause {"metadata":{"emulator":{"name":"functions"},"function":{"name":"us-central1-handle_https_request"},"extension":{},"message":"Finishing up request with event=pause"}}
[info] i  functions: Finished "us-central1-handle_https_request" in 700.532871ms {"metadata":{"emulator":{"name":"functions"},"function":{"name":"us-central1-handle_https_request"},"extension":{},"message":"Finished \"us-central1-handle_https_request\" in 700.532871ms"}}
[debug] [2024-01-03T12:57:01.081Z] [worker-us-central1-handle_https_request-f4ea46e2-e073-4d9d-80e3-c26867177808]: IDLE {"metadata":{"emulator":{"name":"functions"},"function":{"name":"us-central1-handle_https_request"},"extension":{},"message":"[worker-us-central1-handle_https_request-f4ea46e2-e073-4d9d-80e3-c26867177808]: IDLE"}}
[debug] [2024-01-03T12:57:01.082Z] Finishing up request with event=finish {"metadata":{"emulator":{"name":"functions"},"function":{"name":"us-central1-handle_https_request"},"extension":{},"message":"Finishing up request with event=finish"}}
[debug] [2024-01-03T12:57:01.083Z] Finishing up request with event=close {"metadata":{"emulator":{"name":"functions"},"function":{"name":"us-central1-handle_https_request"},"extension":{},"message":"Finishing up request with event=close"}}
[debug] [2024-01-03T12:57:01.084Z] [work-queue] {"queuedWork":[],"queueLength":0,"runningWork":[],"workRunningCount":0}
[debug] [2024-01-03T12:57:09.504Z] [work-queue] {"queuedWork":["/engame-quiz-ea63a/us-central1/handle_https_request/scores/top/1-2024-01-03T12:57:09.504Z"],"queueLength":1,"runningWork":[],"workRunningCount":0}
[debug] [2024-01-03T12:57:09.505Z] [work-queue] {"queuedWork":[],"queueLength":0,"runningWork":["/engame-quiz-ea63a/us-central1/handle_https_request/scores/top/1-2024-01-03T12:57:09.504Z"],"workRunningCount":1}
[debug] [2024-01-03T12:57:09.506Z] Accepted request GET /engame-quiz-ea63a/us-central1/handle_https_request/scores/top/1 --> us-central1-handle_https_request
[debug] [2024-01-03T12:57:09.516Z] [functions] Runtime ready! Sending request! {"metadata":{"emulator":{"name":"functions"},"message":"[functions] Runtime ready! Sending request!"}}
[debug] [2024-01-03T12:57:09.518Z] [functions] Got req.url=/engame-quiz-ea63a/us-central1/handle_https_request/scores/top/1, mapping to path=/scores/top/1 {"metadata":{"emulator":{"name":"functions"},"message":"[functions] Got req.url=/engame-quiz-ea63a/us-central1/handle_https_request/scores/top/1, mapping to path=/scores/top/1"}}
[debug] [2024-01-03T12:57:09.518Z] [worker-pool] submitRequest(triggerId=us-central1-handle_https_request) {"metadata":{"emulator":{"name":"functions"},"message":"[worker-pool] submitRequest(triggerId=us-central1-handle_https_request)"}}
[info] i  functions: Beginning execution of "us-central1-handle_https_request" {"metadata":{"emulator":{"name":"functions"},"function":{"name":"us-central1-handle_https_request"},"extension":{},"message":"Beginning execution of \"us-central1-handle_https_request\""}}
[debug] [2024-01-03T12:57:09.520Z] [worker-us-central1-handle_https_request-f4ea46e2-e073-4d9d-80e3-c26867177808]: BUSY {"metadata":{"emulator":{"name":"functions"},"function":{"name":"us-central1-handle_https_request"},"extension":{},"message":"[worker-us-central1-handle_https_request-f4ea46e2-e073-4d9d-80e3-c26867177808]: BUSY"}}
[debug] [2024-01-03T12:57:09.532Z] Finishing up request with event=pause {"metadata":{"emulator":{"name":"functions"},"function":{"name":"us-central1-handle_https_request"},"extension":{},"message":"Finishing up request with event=pause"}}
[info] i  functions: Finished "us-central1-handle_https_request" in 13.664331ms {"metadata":{"emulator":{"name":"functions"},"function":{"name":"us-central1-handle_https_request"},"extension":{},"message":"Finished \"us-central1-handle_https_request\" in 13.664331ms"}}
[debug] [2024-01-03T12:57:09.535Z] [worker-us-central1-handle_https_request-f4ea46e2-e073-4d9d-80e3-c26867177808]: IDLE {"metadata":{"emulator":{"name":"functions"},"function":{"name":"us-central1-handle_https_request"},"extension":{},"message":"[worker-us-central1-handle_https_request-f4ea46e2-e073-4d9d-80e3-c26867177808]: IDLE"}}
[debug] [2024-01-03T12:57:09.535Z] Finishing up request with event=finish {"metadata":{"emulator":{"name":"functions"},"function":{"name":"us-central1-handle_https_request"},"extension":{},"message":"Finishing up request with event=finish"}}
[debug] [2024-01-03T12:57:09.536Z] Finishing up request with event=close {"metadata":{"emulator":{"name":"functions"},"function":{"name":"us-central1-handle_https_request"},"extension":{},"message":"Finishing up request with event=close"}}
[debug] [2024-01-03T12:57:09.537Z] [work-queue] {"queuedWork":[],"queueLength":0,"runningWork":[],"workRunningCount":0}
[debug] [2024-01-03T12:57:09.609Z] Functions emulator received unknown request at path /favicon.ico
[debug] [2024-01-03T12:57:14.981Z] [work-queue] {"queuedWork":["/engame-quiz-ea63a/us-central1/handle_https_request/scores/top-2024-01-03T12:57:14.980Z"],"queueLength":1,"runningWork":[],"workRunningCount":0}
[debug] [2024-01-03T12:57:14.982Z] [work-queue] {"queuedWork":[],"queueLength":0,"runningWork":["/engame-quiz-ea63a/us-central1/handle_https_request/scores/top-2024-01-03T12:57:14.980Z"],"workRunningCount":1}
[debug] [2024-01-03T12:57:14.983Z] Accepted request GET /engame-quiz-ea63a/us-central1/handle_https_request/scores/top --> us-central1-handle_https_request
[debug] [2024-01-03T12:57:14.994Z] [functions] Runtime ready! Sending request! {"metadata":{"emulator":{"name":"functions"},"message":"[functions] Runtime ready! Sending request!"}}
[debug] [2024-01-03T12:57:14.995Z] [functions] Got req.url=/engame-quiz-ea63a/us-central1/handle_https_request/scores/top, mapping to path=/scores/top {"metadata":{"emulator":{"name":"functions"},"message":"[functions] Got req.url=/engame-quiz-ea63a/us-central1/handle_https_request/scores/top, mapping to path=/scores/top"}}
[debug] [2024-01-03T12:57:14.996Z] [worker-pool] submitRequest(triggerId=us-central1-handle_https_request) {"metadata":{"emulator":{"name":"functions"},"message":"[worker-pool] submitRequest(triggerId=us-central1-handle_https_request)"}}
[info] i  functions: Beginning execution of "us-central1-handle_https_request" {"metadata":{"emulator":{"name":"functions"},"function":{"name":"us-central1-handle_https_request"},"extension":{},"message":"Beginning execution of \"us-central1-handle_https_request\""}}
[debug] [2024-01-03T12:57:14.998Z] [worker-us-central1-handle_https_request-f4ea46e2-e073-4d9d-80e3-c26867177808]: BUSY {"metadata":{"emulator":{"name":"functions"},"function":{"name":"us-central1-handle_https_request"},"extension":{},"message":"[worker-us-central1-handle_https_request-f4ea46e2-e073-4d9d-80e3-c26867177808]: BUSY"}}
[debug] [2024-01-03T12:57:15.142Z] Finishing up request with event=pause {"metadata":{"emulator":{"name":"functions"},"function":{"name":"us-central1-handle_https_request"},"extension":{},"message":"Finishing up request with event=pause"}}
[info] i  functions: Finished "us-central1-handle_https_request" in 144.702454ms {"metadata":{"emulator":{"name":"functions"},"function":{"name":"us-central1-handle_https_request"},"extension":{},"message":"Finished \"us-central1-handle_https_request\" in 144.702454ms"}}
[debug] [2024-01-03T12:57:15.145Z] [worker-us-central1-handle_https_request-f4ea46e2-e073-4d9d-80e3-c26867177808]: IDLE {"metadata":{"emulator":{"name":"functions"},"function":{"name":"us-central1-handle_https_request"},"extension":{},"message":"[worker-us-central1-handle_https_request-f4ea46e2-e073-4d9d-80e3-c26867177808]: IDLE"}}
[debug] [2024-01-03T12:57:15.145Z] Finishing up request with event=finish {"metadata":{"emulator":{"name":"functions"},"function":{"name":"us-central1-handle_https_request"},"extension":{},"message":"Finishing up request with event=finish"}}
[debug] [2024-01-03T12:57:15.146Z] Finishing up request with event=close {"metadata":{"emulator":{"name":"functions"},"function":{"name":"us-central1-handle_https_request"},"extension":{},"message":"Finishing up request with event=close"}}
[debug] [2024-01-03T12:57:15.146Z] [work-queue] {"queuedWork":[],"queueLength":0,"runningWork":[],"workRunningCount":0}
[debug] [2024-01-03T12:59:33.686Z] [work-queue] {"queuedWork":["/engame-quiz-ea63a/us-central1/handle_https_request/scores/J%C3%A1nos-2024-01-03T12:59:33.686Z"],"queueLength":1,"runningWork":[],"workRunningCount":0}
[debug] [2024-01-03T12:59:33.687Z] [work-queue] {"queuedWork":[],"queueLength":0,"runningWork":["/engame-quiz-ea63a/us-central1/handle_https_request/scores/J%C3%A1nos-2024-01-03T12:59:33.686Z"],"workRunningCount":1}
[debug] [2024-01-03T12:59:33.687Z] Accepted request GET /engame-quiz-ea63a/us-central1/handle_https_request/scores/J%C3%A1nos --> us-central1-handle_https_request
[debug] [2024-01-03T12:59:33.694Z] [functions] Runtime ready! Sending request! {"metadata":{"emulator":{"name":"functions"},"message":"[functions] Runtime ready! Sending request!"}}
[debug] [2024-01-03T12:59:33.694Z] [functions] Got req.url=/engame-quiz-ea63a/us-central1/handle_https_request/scores/J%C3%A1nos, mapping to path=/scores/J%C3%A1nos {"metadata":{"emulator":{"name":"functions"},"message":"[functions] Got req.url=/engame-quiz-ea63a/us-central1/handle_https_request/scores/J%C3%A1nos, mapping to path=/scores/J%C3%A1nos"}}
[debug] [2024-01-03T12:59:33.695Z] [worker-pool] submitRequest(triggerId=us-central1-handle_https_request) {"metadata":{"emulator":{"name":"functions"},"message":"[worker-pool] submitRequest(triggerId=us-central1-handle_https_request)"}}
[info] i  functions: Beginning execution of "us-central1-handle_https_request" {"metadata":{"emulator":{"name":"functions"},"function":{"name":"us-central1-handle_https_request"},"extension":{},"message":"Beginning execution of \"us-central1-handle_https_request\""}}
[debug] [2024-01-03T12:59:33.696Z] [worker-us-central1-handle_https_request-f4ea46e2-e073-4d9d-80e3-c26867177808]: BUSY {"metadata":{"emulator":{"name":"functions"},"function":{"name":"us-central1-handle_https_request"},"extension":{},"message":"[worker-us-central1-handle_https_request-f4ea46e2-e073-4d9d-80e3-c26867177808]: BUSY"}}
[debug] [2024-01-03T12:59:33.835Z] Finishing up request with event=pause {"metadata":{"emulator":{"name":"functions"},"function":{"name":"us-central1-handle_https_request"},"extension":{},"message":"Finishing up request with event=pause"}}
[info] i  functions: Finished "us-central1-handle_https_request" in 139.093833ms {"metadata":{"emulator":{"name":"functions"},"function":{"name":"us-central1-handle_https_request"},"extension":{},"message":"Finished \"us-central1-handle_https_request\" in 139.093833ms"}}
[debug] [2024-01-03T12:59:33.836Z] [worker-us-central1-handle_https_request-f4ea46e2-e073-4d9d-80e3-c26867177808]: IDLE {"metadata":{"emulator":{"name":"functions"},"function":{"name":"us-central1-handle_https_request"},"extension":{},"message":"[worker-us-central1-handle_https_request-f4ea46e2-e073-4d9d-80e3-c26867177808]: IDLE"}}
[debug] [2024-01-03T12:59:33.837Z] Finishing up request with event=finish {"metadata":{"emulator":{"name":"functions"},"function":{"name":"us-central1-handle_https_request"},"extension":{},"message":"Finishing up request with event=finish"}}
[debug] [2024-01-03T12:59:33.837Z] Finishing up request with event=close {"metadata":{"emulator":{"name":"functions"},"function":{"name":"us-central1-handle_https_request"},"extension":{},"message":"Finishing up request with event=close"}}
[debug] [2024-01-03T12:59:33.838Z] [work-queue] {"queuedWork":[],"queueLength":0,"runningWork":[],"workRunningCount":0}
